<?xml version="1.0" encoding="UTF-8"?>
<testsuite xmlns:xsi="http://www.w3.org/2001/XMLSchema-instance" xsi:noNamespaceSchemaLocation="https://maven.apache.org/surefire/maven-surefire-plugin/xsd/surefire-test-report-3.0.xsd" version="3.0" name="tfgirls.project.javarts.Model.Event.RichAsteroidEventTest" time="0.01" tests="6" errors="0" skipped="0" failures="0">
  <properties>
[...]
</properties>
  <testcase name="miningFailsWhenToolsInsufficient" classname="tfgirls.project.javarts.Model.Event.RichAsteroidEventTest" time="0.001"/>
  <testcase name="hasThreeOptions" classname="tfgirls.project.javarts.Model.Event.RichAsteroidEventTest" time="0.0"/>
  <testcase name="probeFailsWhenSteelInsufficient" classname="tfgirls.project.javarts.Model.Event.RichAsteroidEventTest" time="0.0"/>
  <testcase name="probeConsumesSteelAndYieldsSteelTools" classname="tfgirls.project.javarts.Model.Event.RichAsteroidEventTest" time="0.0"/>
  <testcase name="onlyTriggersFromDayFive" classname="tfgirls.project.javarts.Model.Event.RichAsteroidEventTest" time="0.007"/>
  <testcase name="miningConsumesToolsAndYieldsIronCoal" classname="tfgirls.project.javarts.Model.Event.RichAsteroidEventTest" time="0.0"/>
</testsuite>